<?xml version="1.0" encoding="UTF-8"?>
<testsuite name="DevOps.Study.StudyApplicationTests" tests="1" skipped="0" failures="0" errors="0" timestamp="2022-08-25T06:56:15" hostname="DaeUkui-MacBookAir.local" time="0.317">
  <properties/>
  <testcase name="contextLoads()" classname="DevOps.Study.StudyApplicationTests" time="0.317"/>
  <system-out><![CDATA[15:56:12.039 [Test worker] DEBUG org.springframework.test.context.BootstrapUtils - Instantiating CacheAwareContextLoaderDelegate from class [org.springframework.test.context.cache.DefaultCacheAwareContextLoaderDelegate]
15:56:12.078 [Test worker] DEBUG org.springframework.test.context.BootstrapUtils - Instantiating BootstrapContext using constructor [public org.springframework.test.context.support.DefaultBootstrapContext(java.lang.Class,org.springframework.test.context.CacheAwareContextLoaderDelegate)]
15:56:12.129 [Test worker] DEBUG org.springframework.test.context.BootstrapUtils - Instantiating TestContextBootstrapper for test class [DevOps.Study.StudyApplicationTests] from class [org.springframework.boot.test.context.SpringBootTestContextBootstrapper]
15:56:12.140 [Test worker] INFO org.springframework.boot.test.context.SpringBootTestContextBootstrapper - Neither @ContextConfiguration nor @ContextHierarchy found for test class [DevOps.Study.StudyApplicationTests], using SpringBootContextLoader
15:56:12.145 [Test worker] DEBUG org.springframework.test.context.support.AbstractContextLoader - Did not detect default resource location for test class [DevOps.Study.StudyApplicationTests]: class path resource [DevOps/Study/StudyApplicationTests-context.xml] does not exist
15:56:12.146 [Test worker] DEBUG org.springframework.test.context.support.AbstractContextLoader - Did not detect default resource location for test class [DevOps.Study.StudyApplicationTests]: class path resource [DevOps/Study/StudyApplicationTestsContext.groovy] does not exist
15:56:12.146 [Test worker] INFO org.springframework.test.context.support.AbstractContextLoader - Could not detect default resource locations for test class [DevOps.Study.StudyApplicationTests]: no resource found for suffixes {-context.xml, Context.groovy}.
15:56:12.146 [Test worker] INFO org.springframework.test.context.support.AnnotationConfigContextLoaderUtils - Could not detect default configuration classes for test class [DevOps.Study.StudyApplicationTests]: StudyApplicationTests does not declare any static, non-private, non-final, nested classes annotated with @Configuration.
15:56:12.191 [Test worker] DEBUG org.springframework.test.context.support.ActiveProfilesUtils - Could not find an 'annotation declaring class' for annotation type [org.springframework.test.context.ActiveProfiles] and class [DevOps.Study.StudyApplicationTests]
15:56:12.244 [Test worker] DEBUG org.springframework.context.annotation.ClassPathScanningCandidateComponentProvider - Identified candidate component class: file [/Users/daeuk/Desktop/DevOps/Study/build/classes/java/main/DevOps/Study/StudyApplication.class]
15:56:12.246 [Test worker] INFO org.springframework.boot.test.context.SpringBootTestContextBootstrapper - Found @SpringBootConfiguration DevOps.Study.StudyApplication for test class DevOps.Study.StudyApplicationTests
15:56:12.340 [Test worker] DEBUG org.springframework.boot.test.context.SpringBootTestContextBootstrapper - @TestExecutionListeners is not present for class [DevOps.Study.StudyApplicationTests]: using defaults.
15:56:12.340 [Test worker] INFO org.springframework.boot.test.context.SpringBootTestContextBootstrapper - Loaded default TestExecutionListener class names from location [META-INF/spring.factories]: [org.springframework.boot.test.autoconfigure.restdocs.RestDocsTestExecutionListener, org.springframework.boot.test.autoconfigure.web.client.MockRestServiceServerResetTestExecutionListener, org.springframework.boot.test.autoconfigure.web.servlet.MockMvcPrintOnlyOnFailureTestExecutionListener, org.springframework.boot.test.autoconfigure.web.servlet.WebDriverTestExecutionListener, org.springframework.boot.test.autoconfigure.webservices.client.MockWebServiceServerTestExecutionListener, org.springframework.boot.test.mock.mockito.MockitoTestExecutionListener, org.springframework.boot.test.mock.mockito.ResetMocksTestExecutionListener, org.springframework.test.context.web.ServletTestExecutionListener, org.springframework.test.context.support.DirtiesContextBeforeModesTestExecutionListener, org.springframework.test.context.event.ApplicationEventsTestExecutionListener, org.springframework.test.context.support.DependencyInjectionTestExecutionListener, org.springframework.test.context.support.DirtiesContextTestExecutionListener, org.springframework.test.context.transaction.TransactionalTestExecutionListener, org.springframework.test.context.jdbc.SqlScriptsTestExecutionListener, org.springframework.test.context.event.EventPublishingTestExecutionListener]
15:56:12.348 [Test worker] DEBUG org.springframework.boot.test.context.SpringBootTestContextBootstrapper - Skipping candidate TestExecutionListener [org.springframework.test.context.transaction.TransactionalTestExecutionListener] due to a missing dependency. Specify custom listener classes or make the default listener classes and their required dependencies available. Offending class: [org/springframework/transaction/TransactionDefinition]
15:56:12.349 [Test worker] DEBUG org.springframework.boot.test.context.SpringBootTestContextBootstrapper - Skipping candidate TestExecutionListener [org.springframework.test.context.jdbc.SqlScriptsTestExecutionListener] due to a missing dependency. Specify custom listener classes or make the default listener classes and their required dependencies available. Offending class: [org/springframework/transaction/interceptor/TransactionAttribute]
15:56:12.349 [Test worker] INFO org.springframework.boot.test.context.SpringBootTestContextBootstrapper - Using TestExecutionListeners: [org.springframework.test.context.web.ServletTestExecutionListener@13006998, org.springframework.test.context.support.DirtiesContextBeforeModesTestExecutionListener@37fbe4a8, org.springframework.test.context.event.ApplicationEventsTestExecutionListener@352c308, org.springframework.boot.test.mock.mockito.MockitoTestExecutionListener@7d373bcf, org.springframework.boot.test.autoconfigure.SpringBootDependencyInjectionTestExecutionListener@6d6bc158, org.springframework.test.context.support.DirtiesContextTestExecutionListener@5dda6f9, org.springframework.test.context.event.EventPublishingTestExecutionListener@10027fc9, org.springframework.boot.test.autoconfigure.restdocs.RestDocsTestExecutionListener@54afd745, org.springframework.boot.test.autoconfigure.web.client.MockRestServiceServerResetTestExecutionListener@677dbd89, org.springframework.boot.test.autoconfigure.web.servlet.MockMvcPrintOnlyOnFailureTestExecutionListener@fff25f1, org.springframework.boot.test.autoconfigure.web.servlet.WebDriverTestExecutionListener@c00fff0, org.springframework.boot.test.autoconfigure.webservices.client.MockWebServiceServerTestExecutionListener@263f04ca, org.springframework.boot.test.mock.mockito.ResetMocksTestExecutionListener@2ca47471]
15:56:12.351 [Test worker] DEBUG org.springframework.test.context.support.AbstractDirtiesContextTestExecutionListener - Before test class: context [DefaultTestContext@2ca65ce4 testClass = StudyApplicationTests, testInstance = [null], testMethod = [null], testException = [null], mergedContextConfiguration = [WebMergedContextConfiguration@327120c8 testClass = StudyApplicationTests, locations = '{}', classes = '{class DevOps.Study.StudyApplication}', contextInitializerClasses = '[]', activeProfiles = '{}', propertySourceLocations = '{}', propertySourceProperties = '{org.springframework.boot.test.context.SpringBootTestContextBootstrapper=true}', contextCustomizers = set[org.springframework.boot.test.autoconfigure.actuate.metrics.MetricsExportContextCustomizerFactory$DisableMetricExportContextCustomizer@1a45193b, org.springframework.boot.test.autoconfigure.properties.PropertyMappingContextCustomizer@0, org.springframework.boot.test.autoconfigure.web.servlet.WebDriverContextCustomizerFactory$Customizer@42f33b5d, org.springframework.boot.test.context.filter.ExcludeFilterContextCustomizer@4bd1f8dd, org.springframework.boot.test.json.DuplicateJsonObjectContextCustomizerFactory$DuplicateJsonObjectContextCustomizer@3d3ba765, org.springframework.boot.test.mock.mockito.MockitoContextCustomizer@0, org.springframework.boot.test.web.client.TestRestTemplateContextCustomizer@1522d8a0, org.springframework.boot.test.context.SpringBootTestArgs@1, org.springframework.boot.test.context.SpringBootTestWebEnvironment@5d908d47], resourceBasePath = 'src/main/webapp', contextLoader = 'org.springframework.boot.test.context.SpringBootContextLoader', parent = [null]], attributes = map['org.springframework.test.context.web.ServletTestExecutionListener.activateListener' -> true]], class annotated with @DirtiesContext [false] with mode [null].

  .   ____          _            __ _ _
 /\\ / ___'_ __ _ _(_)_ __  __ _ \ \ \ \
( ( )\___ | '_ | '_| | '_ \/ _` | \ \ \ \
 \\/  ___)| |_)| | | | | || (_| |  ) ) ) )
  '  |____| .__|_| |_|_| |_\__, | / / / /
 =========|_|==============|___/=/_/_/_/
 :: Spring Boot ::                (v2.7.2)

2022-08-25 15:56:12.998  INFO 32789 --- [    Test worker] DevOps.Study.StudyApplicationTests       : Starting StudyApplicationTests using Java 11.0.11 on DaeUkui-MacBookAir.local with PID 32789 (started by daeuk in /Users/daeuk/Desktop/DevOps/Study)
2022-08-25 15:56:13.000  INFO 32789 --- [    Test worker] DevOps.Study.StudyApplicationTests       : No active profile set, falling back to 1 default profile: "default"
2022-08-25 15:56:15.529  INFO 32789 --- [    Test worker] DevOps.Study.StudyApplicationTests       : Started StudyApplicationTests in 3.078 seconds (JVM running for 4.599)
]]></system-out>
  <system-err><![CDATA[]]></system-err>
</testsuite>
